[debug] [2026-01-06T10:41:59.023Z] [Firebase Plugin] Activating Firebase extension.
[info] [Firebase Plugin] Checked firebase-tools, is up to date!
[debug] [2026-01-06T10:42:31.152Z] [Firebase Plugin] requireAuthWrapper
[debug] [2026-01-06T10:42:31.159Z] > command requires scopes: ["email","openid","https://www.googleapis.com/auth/cloudplatformprojects.readonly","https://www.googleapis.com/auth/firebase","https://www.googleapis.com/auth/cloud-platform"]
[debug] [2026-01-06T10:42:31.275Z] [Firebase Plugin] VSCode notification server listening on port 40001
[error] [Firebase Plugin] requireAuth error: Could not load the default credentials. Browse to https://cloud.google.com/docs/authentication/getting-started for more information.
[debug] [2026-01-06T10:42:32.704Z] Object "" in "firebase.json" has unknown property: {"additionalProperty":"flutter"}
[info] [Firebase Plugin] Starting Data Connect toolkit (version 3.0.0) on port 50001
[debug] [2026-01-06T10:42:32.993Z] 'fdc build' failed with error: Unable to build your Data Connect schema and connectors (exit code 1): E0106 17:42:32.988072   70432 cmd.go:43] Error loading data connect config: could not find dataconnect.yaml in `/home/admin1/projects/test/mamoney/dataconnect`
 {"metadata":{"emulator":{"name":"dataconnect"},"message":"'fdc build' failed with error: Unable to build your Data Connect schema and connectors (exit code 1): E0106 17:42:32.988072   70432 cmd.go:43] Error loading data connect config: could not find dataconnect.yaml in `/home/admin1/projects/test/mamoney/dataconnect`\n"}}
[debug] [2026-01-06T10:42:32.994Z] Ignoring unsupported arg: auto_download {"metadata":{"emulator":{"name":"dataconnect"},"message":"Ignoring unsupported arg: auto_download"}}
[debug] [2026-01-06T10:42:32.995Z] Ignoring unsupported arg: port {"metadata":{"emulator":{"name":"dataconnect"},"message":"Ignoring unsupported arg: port"}}
[debug] [2026-01-06T10:42:32.995Z] Starting Data Connect Emulator with command {"binary":"/home/admin1/.cache/firebase/emulators/dataconnect-emulator-3.0.0","args":["--logtostderr","-v=2","dev","--listen=localhost:50001","--config_dir=/home/admin1/projects/test/mamoney/dataconnect","--enable_output_schema_extensions=true","--enable_output_generated_sdk=true"],"optionalArgs":["listen","config_dir","enable_output_schema_extensions","enable_output_generated_sdk"],"joinArgs":true,"shell":false,"port":9399} {"metadata":{"emulator":{"name":"dataconnect"},"message":"Starting Data Connect Emulator with command {\"binary\":\"/home/admin1/.cache/firebase/emulators/dataconnect-emulator-3.0.0\",\"args\":[\"--logtostderr\",\"-v=2\",\"dev\",\"--listen=localhost:50001\",\"--config_dir=/home/admin1/projects/test/mamoney/dataconnect\",\"--enable_output_schema_extensions=true\",\"--enable_output_generated_sdk=true\"],\"optionalArgs\":[\"listen\",\"config_dir\",\"enable_output_schema_extensions\",\"enable_output_generated_sdk\"],\"joinArgs\":true,\"shell\":false,\"port\":9399}"}}
[info] i  dataconnect: Data Connect Emulator logging to dataconnect-debug.log {"metadata":{"emulator":{"name":"dataconnect"},"message":"Data Connect Emulator logging to dataconnect-debug.log"}}
[debug] [2026-01-06T10:42:33.105Z] E0106 17:42:33.059137   70459 dev.go:83] Failed to load initial config from "/home/admin1/projects/test/mamoney/dataconnect": could not find dataconnect.yaml in `/home/admin1/projects/test/mamoney/dataconnect`
E0106 17:42:33.063100   70459 watch.go:116] watchAllDir unable to walk dir `/home/admin1/projects/test/mamoney/dataconnect`: lstat /home/admin1/projects/test/mamoney/dataconnect: no such file or directory
I0106 17:42:33.083131   70459 dev.go:104] Listening on address (HTTP + gRPC): 127.0.0.1:50001
 {"metadata":{"emulator":{"name":"dataconnect"},"message":"E0106 17:42:33.059137   70459 dev.go:83] Failed to load initial config from \"/home/admin1/projects/test/mamoney/dataconnect\": could not find dataconnect.yaml in `/home/admin1/projects/test/mamoney/dataconnect`\nE0106 17:42:33.063100   70459 watch.go:116] watchAllDir unable to walk dir `/home/admin1/projects/test/mamoney/dataconnect`: lstat /home/admin1/projects/test/mamoney/dataconnect: no such file or directory\nI0106 17:42:33.083131   70459 dev.go:104] Listening on address (HTTP + gRPC): 127.0.0.1:50001\n"}}
[error] [Firebase Plugin] error:  {}
[info] [Firebase Plugin] Stopping Data Connect toolkit
[warn] ⚠  Data Connect Emulator has exited upon receiving signal: SIGINT 
[debug] [2026-01-07T04:13:14.400Z] [Firebase Plugin] Activating Firebase extension.
[info] [Firebase Plugin] Checked firebase-tools, is up to date!
[debug] [2026-01-07T04:13:20.439Z] [Firebase Plugin] requireAuthWrapper
[debug] [2026-01-07T04:13:20.440Z] > command requires scopes: ["email","openid","https://www.googleapis.com/auth/cloudplatformprojects.readonly","https://www.googleapis.com/auth/firebase","https://www.googleapis.com/auth/cloud-platform"]
[debug] [2026-01-07T04:13:20.461Z] [Firebase Plugin] VSCode notification server listening on port 40001
[error] [Firebase Plugin] requireAuth error: Could not load the default credentials. Browse to https://cloud.google.com/docs/authentication/getting-started for more information.
[debug] [2026-01-07T04:13:21.496Z] Object "" in "firebase.json" has unknown property: {"additionalProperty":"flutter"}
[info] [Firebase Plugin] Starting Data Connect toolkit (version 3.0.0) on port 50001
[debug] [2026-01-07T04:13:21.749Z] 'fdc build' failed with error: Unable to build your Data Connect schema and connectors (exit code 1): E0107 11:13:21.738634   13124 cmd.go:43] Error loading data connect config: could not find dataconnect.yaml in `/home/admin1/projects/test/mamoney/dataconnect`
 {"metadata":{"emulator":{"name":"dataconnect"},"message":"'fdc build' failed with error: Unable to build your Data Connect schema and connectors (exit code 1): E0107 11:13:21.738634   13124 cmd.go:43] Error loading data connect config: could not find dataconnect.yaml in `/home/admin1/projects/test/mamoney/dataconnect`\n"}}
[debug] [2026-01-07T04:13:21.751Z] Ignoring unsupported arg: auto_download {"metadata":{"emulator":{"name":"dataconnect"},"message":"Ignoring unsupported arg: auto_download"}}
[debug] [2026-01-07T04:13:21.751Z] Ignoring unsupported arg: port {"metadata":{"emulator":{"name":"dataconnect"},"message":"Ignoring unsupported arg: port"}}
[debug] [2026-01-07T04:13:21.752Z] Starting Data Connect Emulator with command {"binary":"/home/admin1/.cache/firebase/emulators/dataconnect-emulator-3.0.0","args":["--logtostderr","-v=2","dev","--listen=localhost:50001","--config_dir=/home/admin1/projects/test/mamoney/dataconnect","--enable_output_schema_extensions=true","--enable_output_generated_sdk=true"],"optionalArgs":["listen","config_dir","enable_output_schema_extensions","enable_output_generated_sdk"],"joinArgs":true,"shell":false,"port":9399} {"metadata":{"emulator":{"name":"dataconnect"},"message":"Starting Data Connect Emulator with command {\"binary\":\"/home/admin1/.cache/firebase/emulators/dataconnect-emulator-3.0.0\",\"args\":[\"--logtostderr\",\"-v=2\",\"dev\",\"--listen=localhost:50001\",\"--config_dir=/home/admin1/projects/test/mamoney/dataconnect\",\"--enable_output_schema_extensions=true\",\"--enable_output_generated_sdk=true\"],\"optionalArgs\":[\"listen\",\"config_dir\",\"enable_output_schema_extensions\",\"enable_output_generated_sdk\"],\"joinArgs\":true,\"shell\":false,\"port\":9399}"}}
[info] i  dataconnect: Data Connect Emulator logging to dataconnect-debug.log {"metadata":{"emulator":{"name":"dataconnect"},"message":"Data Connect Emulator logging to dataconnect-debug.log"}}
[debug] [2026-01-07T04:13:21.881Z] E0107 11:13:21.826377   13131 dev.go:83] Failed to load initial config from "/home/admin1/projects/test/mamoney/dataconnect": could not find dataconnect.yaml in `/home/admin1/projects/test/mamoney/dataconnect`
E0107 11:13:21.836321   13131 watch.go:116] watchAllDir unable to walk dir `/home/admin1/projects/test/mamoney/dataconnect`: lstat /home/admin1/projects/test/mamoney/dataconnect: no such file or directory
I0107 11:13:21.846481   13131 dev.go:104] Listening on address (HTTP + gRPC): 127.0.0.1:50001
 {"metadata":{"emulator":{"name":"dataconnect"},"message":"E0107 11:13:21.826377   13131 dev.go:83] Failed to load initial config from \"/home/admin1/projects/test/mamoney/dataconnect\": could not find dataconnect.yaml in `/home/admin1/projects/test/mamoney/dataconnect`\nE0107 11:13:21.836321   13131 watch.go:116] watchAllDir unable to walk dir `/home/admin1/projects/test/mamoney/dataconnect`: lstat /home/admin1/projects/test/mamoney/dataconnect: no such file or directory\nI0107 11:13:21.846481   13131 dev.go:104] Listening on address (HTTP + gRPC): 127.0.0.1:50001\n"}}
[error] [Firebase Plugin] error:  {}
[debug] [2026-01-07T04:13:31.863Z] E0107 11:13:31.846946   13131 watch.go:40] Failed to load config from "/home/admin1/projects/test/mamoney/dataconnect": could not find dataconnect.yaml in `/home/admin1/projects/test/mamoney/dataconnect`
 {"metadata":{"emulator":{"name":"dataconnect"},"message":"E0107 11:13:31.846946   13131 watch.go:40] Failed to load config from \"/home/admin1/projects/test/mamoney/dataconnect\": could not find dataconnect.yaml in `/home/admin1/projects/test/mamoney/dataconnect`\n"}}
[debug] [2026-01-07T04:13:41.838Z] E0107 11:13:41.837804   13131 watch.go:40] Failed to load config from "/home/admin1/projects/test/mamoney/dataconnect": could not find dataconnect.yaml in `/home/admin1/projects/test/mamoney/dataconnect`
 {"metadata":{"emulator":{"name":"dataconnect"},"message":"E0107 11:13:41.837804   13131 watch.go:40] Failed to load config from \"/home/admin1/projects/test/mamoney/dataconnect\": could not find dataconnect.yaml in `/home/admin1/projects/test/mamoney/dataconnect`\n"}}
[debug] [2026-01-07T04:13:51.838Z] E0107 11:13:51.838258   13131 watch.go:40] Failed to load config from "/home/admin1/projects/test/mamoney/dataconnect": could not find dataconnect.yaml in `/home/admin1/projects/test/mamoney/dataconnect`
 {"metadata":{"emulator":{"name":"dataconnect"},"message":"E0107 11:13:51.838258   13131 watch.go:40] Failed to load config from \"/home/admin1/projects/test/mamoney/dataconnect\": could not find dataconnect.yaml in `/home/admin1/projects/test/mamoney/dataconnect`\n"}}
[debug] [2026-01-07T04:14:01.844Z] E0107 11:14:01.843835   13131 watch.go:40] Failed to load config from "/home/admin1/projects/test/mamoney/dataconnect": could not find dataconnect.yaml in `/home/admin1/projects/test/mamoney/dataconnect`
 {"metadata":{"emulator":{"name":"dataconnect"},"message":"E0107 11:14:01.843835   13131 watch.go:40] Failed to load config from \"/home/admin1/projects/test/mamoney/dataconnect\": could not find dataconnect.yaml in `/home/admin1/projects/test/mamoney/dataconnect`\n"}}
[debug] [2026-01-07T04:14:11.846Z] E0107 11:14:11.845788   13131 watch.go:40] Failed to load config from "/home/admin1/projects/test/mamoney/dataconnect": could not find dataconnect.yaml in `/home/admin1/projects/test/mamoney/dataconnect`
 {"metadata":{"emulator":{"name":"dataconnect"},"message":"E0107 11:14:11.845788   13131 watch.go:40] Failed to load config from \"/home/admin1/projects/test/mamoney/dataconnect\": could not find dataconnect.yaml in `/home/admin1/projects/test/mamoney/dataconnect`\n"}}
[debug] [2026-01-07T04:14:21.837Z] E0107 11:14:21.836703   13131 watch.go:116] watchAllDir unable to walk dir `/home/admin1/projects/test/mamoney/dataconnect`: lstat /home/admin1/projects/test/mamoney/dataconnect: no such file or directory
E0107 11:14:21.836840   13131 watch.go:40] Failed to load config from "/home/admin1/projects/test/mamoney/dataconnect": could not find dataconnect.yaml in `/home/admin1/projects/test/mamoney/dataconnect`
 {"metadata":{"emulator":{"name":"dataconnect"},"message":"E0107 11:14:21.836703   13131 watch.go:116] watchAllDir unable to walk dir `/home/admin1/projects/test/mamoney/dataconnect`: lstat /home/admin1/projects/test/mamoney/dataconnect: no such file or directory\nE0107 11:14:21.836840   13131 watch.go:40] Failed to load config from \"/home/admin1/projects/test/mamoney/dataconnect\": could not find dataconnect.yaml in `/home/admin1/projects/test/mamoney/dataconnect`\n"}}
[debug] [2026-01-07T04:14:31.840Z] E0107 11:14:31.839785   13131 watch.go:40] Failed to load config from "/home/admin1/projects/test/mamoney/dataconnect": could not find dataconnect.yaml in `/home/admin1/projects/test/mamoney/dataconnect`
 {"metadata":{"emulator":{"name":"dataconnect"},"message":"E0107 11:14:31.839785   13131 watch.go:40] Failed to load config from \"/home/admin1/projects/test/mamoney/dataconnect\": could not find dataconnect.yaml in `/home/admin1/projects/test/mamoney/dataconnect`\n"}}
[debug] [2026-01-07T04:14:41.832Z] E0107 11:14:41.831979   13131 watch.go:40] Failed to load config from "/home/admin1/projects/test/mamoney/dataconnect": could not find dataconnect.yaml in `/home/admin1/projects/test/mamoney/dataconnect`
 {"metadata":{"emulator":{"name":"dataconnect"},"message":"E0107 11:14:41.831979   13131 watch.go:40] Failed to load config from \"/home/admin1/projects/test/mamoney/dataconnect\": could not find dataconnect.yaml in `/home/admin1/projects/test/mamoney/dataconnect`\n"}}
[info] [Firebase Plugin] Stopping Data Connect toolkit
[warn] ⚠  Data Connect Emulator has exited upon receiving signal: SIGINT 
[debug] [2026-01-07T05:29:52.583Z] [Firebase Plugin] Activating Firebase extension.
[info] [Firebase Plugin] Checked firebase-tools, is up to date!
[debug] [2026-01-07T05:29:58.362Z] [Firebase Plugin] requireAuthWrapper
[debug] [2026-01-07T05:29:58.365Z] > command requires scopes: ["email","openid","https://www.googleapis.com/auth/cloudplatformprojects.readonly","https://www.googleapis.com/auth/firebase","https://www.googleapis.com/auth/cloud-platform"]
[debug] [2026-01-07T05:29:58.406Z] [Firebase Plugin] VSCode notification server listening on port 40001
[error] [Firebase Plugin] requireAuth error: Could not load the default credentials. Browse to https://cloud.google.com/docs/authentication/getting-started for more information.
[debug] [2026-01-07T05:29:59.889Z] Object "" in "firebase.json" has unknown property: {"additionalProperty":"flutter"}
[info] [Firebase Plugin] Starting Data Connect toolkit (version 3.0.0) on port 50001
[debug] [2026-01-07T05:30:00.153Z] 'fdc build' failed with error: Unable to build your Data Connect schema and connectors (exit code 1): E0107 12:30:00.149786   20541 cmd.go:43] Error loading data connect config: could not find dataconnect.yaml in `/home/admin1/projects/test/mamoney/dataconnect`
 {"metadata":{"emulator":{"name":"dataconnect"},"message":"'fdc build' failed with error: Unable to build your Data Connect schema and connectors (exit code 1): E0107 12:30:00.149786   20541 cmd.go:43] Error loading data connect config: could not find dataconnect.yaml in `/home/admin1/projects/test/mamoney/dataconnect`\n"}}
[debug] [2026-01-07T05:30:00.155Z] Ignoring unsupported arg: auto_download {"metadata":{"emulator":{"name":"dataconnect"},"message":"Ignoring unsupported arg: auto_download"}}
[debug] [2026-01-07T05:30:00.156Z] Ignoring unsupported arg: port {"metadata":{"emulator":{"name":"dataconnect"},"message":"Ignoring unsupported arg: port"}}
[debug] [2026-01-07T05:30:00.156Z] Starting Data Connect Emulator with command {"binary":"/home/admin1/.cache/firebase/emulators/dataconnect-emulator-3.0.0","args":["--logtostderr","-v=2","dev","--listen=localhost:50001","--config_dir=/home/admin1/projects/test/mamoney/dataconnect","--enable_output_schema_extensions=true","--enable_output_generated_sdk=true"],"optionalArgs":["listen","config_dir","enable_output_schema_extensions","enable_output_generated_sdk"],"joinArgs":true,"shell":false,"port":9399} {"metadata":{"emulator":{"name":"dataconnect"},"message":"Starting Data Connect Emulator with command {\"binary\":\"/home/admin1/.cache/firebase/emulators/dataconnect-emulator-3.0.0\",\"args\":[\"--logtostderr\",\"-v=2\",\"dev\",\"--listen=localhost:50001\",\"--config_dir=/home/admin1/projects/test/mamoney/dataconnect\",\"--enable_output_schema_extensions=true\",\"--enable_output_generated_sdk=true\"],\"optionalArgs\":[\"listen\",\"config_dir\",\"enable_output_schema_extensions\",\"enable_output_generated_sdk\"],\"joinArgs\":true,\"shell\":false,\"port\":9399}"}}
[info] i  dataconnect: Data Connect Emulator logging to dataconnect-debug.log {"metadata":{"emulator":{"name":"dataconnect"},"message":"Data Connect Emulator logging to dataconnect-debug.log"}}
[debug] [2026-01-07T05:30:00.656Z] E0107 12:30:00.242851   20548 dev.go:83] Failed to load initial config from "/home/admin1/projects/test/mamoney/dataconnect": could not find dataconnect.yaml in `/home/admin1/projects/test/mamoney/dataconnect`
E0107 12:30:00.248104   20548 watch.go:116] watchAllDir unable to walk dir `/home/admin1/projects/test/mamoney/dataconnect`: lstat /home/admin1/projects/test/mamoney/dataconnect: no such file or directory
I0107 12:30:00.261605   20548 dev.go:104] Listening on address (HTTP + gRPC): 127.0.0.1:50001
 {"metadata":{"emulator":{"name":"dataconnect"},"message":"E0107 12:30:00.242851   20548 dev.go:83] Failed to load initial config from \"/home/admin1/projects/test/mamoney/dataconnect\": could not find dataconnect.yaml in `/home/admin1/projects/test/mamoney/dataconnect`\nE0107 12:30:00.248104   20548 watch.go:116] watchAllDir unable to walk dir `/home/admin1/projects/test/mamoney/dataconnect`: lstat /home/admin1/projects/test/mamoney/dataconnect: no such file or directory\nI0107 12:30:00.261605   20548 dev.go:104] Listening on address (HTTP + gRPC): 127.0.0.1:50001\n"}}
[error] [Firebase Plugin] error:  {}
[debug] [2026-01-07T05:30:10.259Z] E0107 12:30:10.258951   20548 watch.go:40] Failed to load config from "/home/admin1/projects/test/mamoney/dataconnect": could not find dataconnect.yaml in `/home/admin1/projects/test/mamoney/dataconnect`
 {"metadata":{"emulator":{"name":"dataconnect"},"message":"E0107 12:30:10.258951   20548 watch.go:40] Failed to load config from \"/home/admin1/projects/test/mamoney/dataconnect\": could not find dataconnect.yaml in `/home/admin1/projects/test/mamoney/dataconnect`\n"}}
[debug] [2026-01-07T05:30:20.249Z] E0107 12:30:20.248663   20548 watch.go:40] Failed to load config from "/home/admin1/projects/test/mamoney/dataconnect": could not find dataconnect.yaml in `/home/admin1/projects/test/mamoney/dataconnect`
 {"metadata":{"emulator":{"name":"dataconnect"},"message":"E0107 12:30:20.248663   20548 watch.go:40] Failed to load config from \"/home/admin1/projects/test/mamoney/dataconnect\": could not find dataconnect.yaml in `/home/admin1/projects/test/mamoney/dataconnect`\n"}}
[debug] [2026-01-07T05:30:30.246Z] E0107 12:30:30.246354   20548 watch.go:40] Failed to load config from "/home/admin1/projects/test/mamoney/dataconnect": could not find dataconnect.yaml in `/home/admin1/projects/test/mamoney/dataconnect`
 {"metadata":{"emulator":{"name":"dataconnect"},"message":"E0107 12:30:30.246354   20548 watch.go:40] Failed to load config from \"/home/admin1/projects/test/mamoney/dataconnect\": could not find dataconnect.yaml in `/home/admin1/projects/test/mamoney/dataconnect`\n"}}
[debug] [2026-01-07T05:30:40.254Z] E0107 12:30:40.253754   20548 watch.go:40] Failed to load config from "/home/admin1/projects/test/mamoney/dataconnect": could not find dataconnect.yaml in `/home/admin1/projects/test/mamoney/dataconnect`
 {"metadata":{"emulator":{"name":"dataconnect"},"message":"E0107 12:30:40.253754   20548 watch.go:40] Failed to load config from \"/home/admin1/projects/test/mamoney/dataconnect\": could not find dataconnect.yaml in `/home/admin1/projects/test/mamoney/dataconnect`\n"}}
[debug] [2026-01-07T05:30:50.255Z] E0107 12:30:50.254908   20548 watch.go:40] Failed to load config from "/home/admin1/projects/test/mamoney/dataconnect": could not find dataconnect.yaml in `/home/admin1/projects/test/mamoney/dataconnect`
 {"metadata":{"emulator":{"name":"dataconnect"},"message":"E0107 12:30:50.254908   20548 watch.go:40] Failed to load config from \"/home/admin1/projects/test/mamoney/dataconnect\": could not find dataconnect.yaml in `/home/admin1/projects/test/mamoney/dataconnect`\n"}}
[debug] [2026-01-07T05:31:00.241Z] E0107 12:31:00.241175   20548 watch.go:116] watchAllDir unable to walk dir `/home/admin1/projects/test/mamoney/dataconnect`: lstat /home/admin1/projects/test/mamoney/dataconnect: no such file or directory
E0107 12:31:00.241356   20548 watch.go:40] Failed to load config from "/home/admin1/projects/test/mamoney/dataconnect": could not find dataconnect.yaml in `/home/admin1/projects/test/mamoney/dataconnect`
 {"metadata":{"emulator":{"name":"dataconnect"},"message":"E0107 12:31:00.241175   20548 watch.go:116] watchAllDir unable to walk dir `/home/admin1/projects/test/mamoney/dataconnect`: lstat /home/admin1/projects/test/mamoney/dataconnect: no such file or directory\nE0107 12:31:00.241356   20548 watch.go:40] Failed to load config from \"/home/admin1/projects/test/mamoney/dataconnect\": could not find dataconnect.yaml in `/home/admin1/projects/test/mamoney/dataconnect`\n"}}
[debug] [2026-01-07T05:31:10.250Z] E0107 12:31:10.249700   20548 watch.go:40] Failed to load config from "/home/admin1/projects/test/mamoney/dataconnect": could not find dataconnect.yaml in `/home/admin1/projects/test/mamoney/dataconnect`
 {"metadata":{"emulator":{"name":"dataconnect"},"message":"E0107 12:31:10.249700   20548 watch.go:40] Failed to load config from \"/home/admin1/projects/test/mamoney/dataconnect\": could not find dataconnect.yaml in `/home/admin1/projects/test/mamoney/dataconnect`\n"}}
[debug] [2026-01-07T05:31:20.248Z] E0107 12:31:20.248447   20548 watch.go:40] Failed to load config from "/home/admin1/projects/test/mamoney/dataconnect": could not find dataconnect.yaml in `/home/admin1/projects/test/mamoney/dataconnect`
 {"metadata":{"emulator":{"name":"dataconnect"},"message":"E0107 12:31:20.248447   20548 watch.go:40] Failed to load config from \"/home/admin1/projects/test/mamoney/dataconnect\": could not find dataconnect.yaml in `/home/admin1/projects/test/mamoney/dataconnect`\n"}}
[debug] [2026-01-07T05:31:30.236Z] E0107 12:31:30.236569   20548 watch.go:40] Failed to load config from "/home/admin1/projects/test/mamoney/dataconnect": could not find dataconnect.yaml in `/home/admin1/projects/test/mamoney/dataconnect`
 {"metadata":{"emulator":{"name":"dataconnect"},"message":"E0107 12:31:30.236569   20548 watch.go:40] Failed to load config from \"/home/admin1/projects/test/mamoney/dataconnect\": could not find dataconnect.yaml in `/home/admin1/projects/test/mamoney/dataconnect`\n"}}
[debug] [2026-01-07T05:31:40.242Z] E0107 12:31:40.241907   20548 watch.go:40] Failed to load config from "/home/admin1/projects/test/mamoney/dataconnect": could not find dataconnect.yaml in `/home/admin1/projects/test/mamoney/dataconnect`
 {"metadata":{"emulator":{"name":"dataconnect"},"message":"E0107 12:31:40.241907   20548 watch.go:40] Failed to load config from \"/home/admin1/projects/test/mamoney/dataconnect\": could not find dataconnect.yaml in `/home/admin1/projects/test/mamoney/dataconnect`\n"}}
[debug] [2026-01-07T05:31:50.244Z] E0107 12:31:50.244400   20548 watch.go:40] Failed to load config from "/home/admin1/projects/test/mamoney/dataconnect": could not find dataconnect.yaml in `/home/admin1/projects/test/mamoney/dataconnect`
 {"metadata":{"emulator":{"name":"dataconnect"},"message":"E0107 12:31:50.244400   20548 watch.go:40] Failed to load config from \"/home/admin1/projects/test/mamoney/dataconnect\": could not find dataconnect.yaml in `/home/admin1/projects/test/mamoney/dataconnect`\n"}}
[debug] [2026-01-07T05:32:00.232Z] E0107 12:32:00.231971   20548 watch.go:116] watchAllDir unable to walk dir `/home/admin1/projects/test/mamoney/dataconnect`: lstat /home/admin1/projects/test/mamoney/dataconnect: no such file or directory
E0107 12:32:00.232060   20548 watch.go:40] Failed to load config from "/home/admin1/projects/test/mamoney/dataconnect": could not find dataconnect.yaml in `/home/admin1/projects/test/mamoney/dataconnect`
 {"metadata":{"emulator":{"name":"dataconnect"},"message":"E0107 12:32:00.231971   20548 watch.go:116] watchAllDir unable to walk dir `/home/admin1/projects/test/mamoney/dataconnect`: lstat /home/admin1/projects/test/mamoney/dataconnect: no such file or directory\nE0107 12:32:00.232060   20548 watch.go:40] Failed to load config from \"/home/admin1/projects/test/mamoney/dataconnect\": could not find dataconnect.yaml in `/home/admin1/projects/test/mamoney/dataconnect`\n"}}
[debug] [2026-01-07T05:32:10.232Z] E0107 12:32:10.231937   20548 watch.go:40] Failed to load config from "/home/admin1/projects/test/mamoney/dataconnect": could not find dataconnect.yaml in `/home/admin1/projects/test/mamoney/dataconnect`
 {"metadata":{"emulator":{"name":"dataconnect"},"message":"E0107 12:32:10.231937   20548 watch.go:40] Failed to load config from \"/home/admin1/projects/test/mamoney/dataconnect\": could not find dataconnect.yaml in `/home/admin1/projects/test/mamoney/dataconnect`\n"}}
[debug] [2026-01-07T05:32:20.232Z] E0107 12:32:20.231585   20548 watch.go:40] Failed to load config from "/home/admin1/projects/test/mamoney/dataconnect": could not find dataconnect.yaml in `/home/admin1/projects/test/mamoney/dataconnect`
 {"metadata":{"emulator":{"name":"dataconnect"},"message":"E0107 12:32:20.231585   20548 watch.go:40] Failed to load config from \"/home/admin1/projects/test/mamoney/dataconnect\": could not find dataconnect.yaml in `/home/admin1/projects/test/mamoney/dataconnect`\n"}}
[debug] [2026-01-07T05:32:30.227Z] E0107 12:32:30.226741   20548 watch.go:40] Failed to load config from "/home/admin1/projects/test/mamoney/dataconnect": could not find dataconnect.yaml in `/home/admin1/projects/test/mamoney/dataconnect`
 {"metadata":{"emulator":{"name":"dataconnect"},"message":"E0107 12:32:30.226741   20548 watch.go:40] Failed to load config from \"/home/admin1/projects/test/mamoney/dataconnect\": could not find dataconnect.yaml in `/home/admin1/projects/test/mamoney/dataconnect`\n"}}
[debug] [2026-01-07T05:32:40.229Z] E0107 12:32:40.229426   20548 watch.go:40] Failed to load config from "/home/admin1/projects/test/mamoney/dataconnect": could not find dataconnect.yaml in `/home/admin1/projects/test/mamoney/dataconnect`
 {"metadata":{"emulator":{"name":"dataconnect"},"message":"E0107 12:32:40.229426   20548 watch.go:40] Failed to load config from \"/home/admin1/projects/test/mamoney/dataconnect\": could not find dataconnect.yaml in `/home/admin1/projects/test/mamoney/dataconnect`\n"}}
[debug] [2026-01-07T05:32:50.233Z] E0107 12:32:50.233266   20548 watch.go:40] Failed to load config from "/home/admin1/projects/test/mamoney/dataconnect": could not find dataconnect.yaml in `/home/admin1/projects/test/mamoney/dataconnect`
 {"metadata":{"emulator":{"name":"dataconnect"},"message":"E0107 12:32:50.233266   20548 watch.go:40] Failed to load config from \"/home/admin1/projects/test/mamoney/dataconnect\": could not find dataconnect.yaml in `/home/admin1/projects/test/mamoney/dataconnect`\n"}}
[debug] [2026-01-07T05:33:00.222Z] E0107 12:33:00.222170   20548 watch.go:116] watchAllDir unable to walk dir `/home/admin1/projects/test/mamoney/dataconnect`: lstat /home/admin1/projects/test/mamoney/dataconnect: no such file or directory
E0107 12:33:00.222274   20548 watch.go:40] Failed to load config from "/home/admin1/projects/test/mamoney/dataconnect": could not find dataconnect.yaml in `/home/admin1/projects/test/mamoney/dataconnect`
 {"metadata":{"emulator":{"name":"dataconnect"},"message":"E0107 12:33:00.222170   20548 watch.go:116] watchAllDir unable to walk dir `/home/admin1/projects/test/mamoney/dataconnect`: lstat /home/admin1/projects/test/mamoney/dataconnect: no such file or directory\nE0107 12:33:00.222274   20548 watch.go:40] Failed to load config from \"/home/admin1/projects/test/mamoney/dataconnect\": could not find dataconnect.yaml in `/home/admin1/projects/test/mamoney/dataconnect`\n"}}
[debug] [2026-01-07T05:33:10.232Z] E0107 12:33:10.231576   20548 watch.go:40] Failed to load config from "/home/admin1/projects/test/mamoney/dataconnect": could not find dataconnect.yaml in `/home/admin1/projects/test/mamoney/dataconnect`
 {"metadata":{"emulator":{"name":"dataconnect"},"message":"E0107 12:33:10.231576   20548 watch.go:40] Failed to load config from \"/home/admin1/projects/test/mamoney/dataconnect\": could not find dataconnect.yaml in `/home/admin1/projects/test/mamoney/dataconnect`\n"}}
[debug] [2026-01-07T05:33:20.228Z] E0107 12:33:20.227886   20548 watch.go:40] Failed to load config from "/home/admin1/projects/test/mamoney/dataconnect": could not find dataconnect.yaml in `/home/admin1/projects/test/mamoney/dataconnect`
 {"metadata":{"emulator":{"name":"dataconnect"},"message":"E0107 12:33:20.227886   20548 watch.go:40] Failed to load config from \"/home/admin1/projects/test/mamoney/dataconnect\": could not find dataconnect.yaml in `/home/admin1/projects/test/mamoney/dataconnect`\n"}}
[debug] [2026-01-07T05:33:30.217Z] E0107 12:33:30.217652   20548 watch.go:40] Failed to load config from "/home/admin1/projects/test/mamoney/dataconnect": could not find dataconnect.yaml in `/home/admin1/projects/test/mamoney/dataconnect`
 {"metadata":{"emulator":{"name":"dataconnect"},"message":"E0107 12:33:30.217652   20548 watch.go:40] Failed to load config from \"/home/admin1/projects/test/mamoney/dataconnect\": could not find dataconnect.yaml in `/home/admin1/projects/test/mamoney/dataconnect`\n"}}
[debug] [2026-01-07T05:33:40.227Z] E0107 12:33:40.226807   20548 watch.go:40] Failed to load config from "/home/admin1/projects/test/mamoney/dataconnect": could not find dataconnect.yaml in `/home/admin1/projects/test/mamoney/dataconnect`
 {"metadata":{"emulator":{"name":"dataconnect"},"message":"E0107 12:33:40.226807   20548 watch.go:40] Failed to load config from \"/home/admin1/projects/test/mamoney/dataconnect\": could not find dataconnect.yaml in `/home/admin1/projects/test/mamoney/dataconnect`\n"}}
[debug] [2026-01-07T05:33:50.225Z] E0107 12:33:50.225319   20548 watch.go:40] Failed to load config from "/home/admin1/projects/test/mamoney/dataconnect": could not find dataconnect.yaml in `/home/admin1/projects/test/mamoney/dataconnect`
 {"metadata":{"emulator":{"name":"dataconnect"},"message":"E0107 12:33:50.225319   20548 watch.go:40] Failed to load config from \"/home/admin1/projects/test/mamoney/dataconnect\": could not find dataconnect.yaml in `/home/admin1/projects/test/mamoney/dataconnect`\n"}}
[debug] [2026-01-07T05:34:00.212Z] E0107 12:34:00.211690   20548 watch.go:116] watchAllDir unable to walk dir `/home/admin1/projects/test/mamoney/dataconnect`: lstat /home/admin1/projects/test/mamoney/dataconnect: no such file or directory
E0107 12:34:00.211777   20548 watch.go:40] Failed to load config from "/home/admin1/projects/test/mamoney/dataconnect": could not find dataconnect.yaml in `/home/admin1/projects/test/mamoney/dataconnect`
 {"metadata":{"emulator":{"name":"dataconnect"},"message":"E0107 12:34:00.211690   20548 watch.go:116] watchAllDir unable to walk dir `/home/admin1/projects/test/mamoney/dataconnect`: lstat /home/admin1/projects/test/mamoney/dataconnect: no such file or directory\nE0107 12:34:00.211777   20548 watch.go:40] Failed to load config from \"/home/admin1/projects/test/mamoney/dataconnect\": could not find dataconnect.yaml in `/home/admin1/projects/test/mamoney/dataconnect`\n"}}
[debug] [2026-01-07T05:34:10.220Z] E0107 12:34:10.219725   20548 watch.go:40] Failed to load config from "/home/admin1/projects/test/mamoney/dataconnect": could not find dataconnect.yaml in `/home/admin1/projects/test/mamoney/dataconnect`
 {"metadata":{"emulator":{"name":"dataconnect"},"message":"E0107 12:34:10.219725   20548 watch.go:40] Failed to load config from \"/home/admin1/projects/test/mamoney/dataconnect\": could not find dataconnect.yaml in `/home/admin1/projects/test/mamoney/dataconnect`\n"}}
[debug] [2026-01-07T05:34:20.212Z] E0107 12:34:20.212111   20548 watch.go:40] Failed to load config from "/home/admin1/projects/test/mamoney/dataconnect": could not find dataconnect.yaml in `/home/admin1/projects/test/mamoney/dataconnect`
 {"metadata":{"emulator":{"name":"dataconnect"},"message":"E0107 12:34:20.212111   20548 watch.go:40] Failed to load config from \"/home/admin1/projects/test/mamoney/dataconnect\": could not find dataconnect.yaml in `/home/admin1/projects/test/mamoney/dataconnect`\n"}}
[debug] [2026-01-07T05:34:30.207Z] E0107 12:34:30.207191   20548 watch.go:40] Failed to load config from "/home/admin1/projects/test/mamoney/dataconnect": could not find dataconnect.yaml in `/home/admin1/projects/test/mamoney/dataconnect`
 {"metadata":{"emulator":{"name":"dataconnect"},"message":"E0107 12:34:30.207191   20548 watch.go:40] Failed to load config from \"/home/admin1/projects/test/mamoney/dataconnect\": could not find dataconnect.yaml in `/home/admin1/projects/test/mamoney/dataconnect`\n"}}
[debug] [2026-01-07T05:34:40.215Z] E0107 12:34:40.215406   20548 watch.go:40] Failed to load config from "/home/admin1/projects/test/mamoney/dataconnect": could not find dataconnect.yaml in `/home/admin1/projects/test/mamoney/dataconnect`
 {"metadata":{"emulator":{"name":"dataconnect"},"message":"E0107 12:34:40.215406   20548 watch.go:40] Failed to load config from \"/home/admin1/projects/test/mamoney/dataconnect\": could not find dataconnect.yaml in `/home/admin1/projects/test/mamoney/dataconnect`\n"}}
[debug] [2026-01-07T05:34:50.215Z] E0107 12:34:50.215589   20548 watch.go:40] Failed to load config from "/home/admin1/projects/test/mamoney/dataconnect": could not find dataconnect.yaml in `/home/admin1/projects/test/mamoney/dataconnect`
 {"metadata":{"emulator":{"name":"dataconnect"},"message":"E0107 12:34:50.215589   20548 watch.go:40] Failed to load config from \"/home/admin1/projects/test/mamoney/dataconnect\": could not find dataconnect.yaml in `/home/admin1/projects/test/mamoney/dataconnect`\n"}}
[info] [Firebase Plugin] Stopping Data Connect toolkit
[warn] ⚠  Data Connect Emulator has exited upon receiving signal: SIGINT 
[debug] [2026-01-07T06:22:13.619Z] [Firebase Plugin] Activating Firebase extension.
[info] [Firebase Plugin] Checked firebase-tools, is up to date!
[debug] [2026-01-07T06:22:18.373Z] [Firebase Plugin] requireAuthWrapper
[debug] [2026-01-07T06:22:18.379Z] > command requires scopes: ["email","openid","https://www.googleapis.com/auth/cloudplatformprojects.readonly","https://www.googleapis.com/auth/firebase","https://www.googleapis.com/auth/cloud-platform"]
[debug] [2026-01-07T06:22:18.402Z] [Firebase Plugin] VSCode notification server listening on port 40001
[error] [Firebase Plugin] requireAuth error: Could not load the default credentials. Browse to https://cloud.google.com/docs/authentication/getting-started for more information.
[debug] [2026-01-07T06:22:20.032Z] Object "" in "firebase.json" has unknown property: {"additionalProperty":"flutter"}
[info] [Firebase Plugin] Starting Data Connect toolkit (version 3.0.0) on port 50001
[debug] [2026-01-07T06:22:20.270Z] 'fdc build' failed with error: Unable to build your Data Connect schema and connectors (exit code 1): E0107 13:22:20.259831   26703 cmd.go:43] Error loading data connect config: could not find dataconnect.yaml in `/home/admin1/projects/test/mamoney/dataconnect`
 {"metadata":{"emulator":{"name":"dataconnect"},"message":"'fdc build' failed with error: Unable to build your Data Connect schema and connectors (exit code 1): E0107 13:22:20.259831   26703 cmd.go:43] Error loading data connect config: could not find dataconnect.yaml in `/home/admin1/projects/test/mamoney/dataconnect`\n"}}
[debug] [2026-01-07T06:22:20.273Z] Ignoring unsupported arg: auto_download {"metadata":{"emulator":{"name":"dataconnect"},"message":"Ignoring unsupported arg: auto_download"}}
[debug] [2026-01-07T06:22:20.273Z] Ignoring unsupported arg: port {"metadata":{"emulator":{"name":"dataconnect"},"message":"Ignoring unsupported arg: port"}}
[debug] [2026-01-07T06:22:20.274Z] Starting Data Connect Emulator with command {"binary":"/home/admin1/.cache/firebase/emulators/dataconnect-emulator-3.0.0","args":["--logtostderr","-v=2","dev","--listen=localhost:50001","--config_dir=/home/admin1/projects/test/mamoney/dataconnect","--enable_output_schema_extensions=true","--enable_output_generated_sdk=true"],"optionalArgs":["listen","config_dir","enable_output_schema_extensions","enable_output_generated_sdk"],"joinArgs":true,"shell":false,"port":9399} {"metadata":{"emulator":{"name":"dataconnect"},"message":"Starting Data Connect Emulator with command {\"binary\":\"/home/admin1/.cache/firebase/emulators/dataconnect-emulator-3.0.0\",\"args\":[\"--logtostderr\",\"-v=2\",\"dev\",\"--listen=localhost:50001\",\"--config_dir=/home/admin1/projects/test/mamoney/dataconnect\",\"--enable_output_schema_extensions=true\",\"--enable_output_generated_sdk=true\"],\"optionalArgs\":[\"listen\",\"config_dir\",\"enable_output_schema_extensions\",\"enable_output_generated_sdk\"],\"joinArgs\":true,\"shell\":false,\"port\":9399}"}}
[info] i  dataconnect: Data Connect Emulator logging to dataconnect-debug.log {"metadata":{"emulator":{"name":"dataconnect"},"message":"Data Connect Emulator logging to dataconnect-debug.log"}}
[debug] [2026-01-07T06:22:20.425Z] E0107 13:22:20.344470   26712 dev.go:83] Failed to load initial config from "/home/admin1/projects/test/mamoney/dataconnect": could not find dataconnect.yaml in `/home/admin1/projects/test/mamoney/dataconnect`
E0107 13:22:20.345784   26712 watch.go:116] watchAllDir unable to walk dir `/home/admin1/projects/test/mamoney/dataconnect`: lstat /home/admin1/projects/test/mamoney/dataconnect: no such file or directory
I0107 13:22:20.357396   26712 dev.go:104] Listening on address (HTTP + gRPC): 127.0.0.1:50001
 {"metadata":{"emulator":{"name":"dataconnect"},"message":"E0107 13:22:20.344470   26712 dev.go:83] Failed to load initial config from \"/home/admin1/projects/test/mamoney/dataconnect\": could not find dataconnect.yaml in `/home/admin1/projects/test/mamoney/dataconnect`\nE0107 13:22:20.345784   26712 watch.go:116] watchAllDir unable to walk dir `/home/admin1/projects/test/mamoney/dataconnect`: lstat /home/admin1/projects/test/mamoney/dataconnect: no such file or directory\nI0107 13:22:20.357396   26712 dev.go:104] Listening on address (HTTP + gRPC): 127.0.0.1:50001\n"}}
[error] [Firebase Plugin] error:  {}
[debug] [2026-01-07T06:22:30.349Z] E0107 13:22:30.349105   26712 watch.go:40] Failed to load config from "/home/admin1/projects/test/mamoney/dataconnect": could not find dataconnect.yaml in `/home/admin1/projects/test/mamoney/dataconnect`
 {"metadata":{"emulator":{"name":"dataconnect"},"message":"E0107 13:22:30.349105   26712 watch.go:40] Failed to load config from \"/home/admin1/projects/test/mamoney/dataconnect\": could not find dataconnect.yaml in `/home/admin1/projects/test/mamoney/dataconnect`\n"}}
[debug] [2026-01-07T06:22:40.349Z] E0107 13:22:40.349035   26712 watch.go:40] Failed to load config from "/home/admin1/projects/test/mamoney/dataconnect": could not find dataconnect.yaml in `/home/admin1/projects/test/mamoney/dataconnect`
 {"metadata":{"emulator":{"name":"dataconnect"},"message":"E0107 13:22:40.349035   26712 watch.go:40] Failed to load config from \"/home/admin1/projects/test/mamoney/dataconnect\": could not find dataconnect.yaml in `/home/admin1/projects/test/mamoney/dataconnect`\n"}}
[debug] [2026-01-07T06:22:50.343Z] E0107 13:22:50.342799   26712 watch.go:40] Failed to load config from "/home/admin1/projects/test/mamoney/dataconnect": could not find dataconnect.yaml in `/home/admin1/projects/test/mamoney/dataconnect`
 {"metadata":{"emulator":{"name":"dataconnect"},"message":"E0107 13:22:50.342799   26712 watch.go:40] Failed to load config from \"/home/admin1/projects/test/mamoney/dataconnect\": could not find dataconnect.yaml in `/home/admin1/projects/test/mamoney/dataconnect`\n"}}
[debug] [2026-01-07T06:23:00.346Z] E0107 13:23:00.346505   26712 watch.go:40] Failed to load config from "/home/admin1/projects/test/mamoney/dataconnect": could not find dataconnect.yaml in `/home/admin1/projects/test/mamoney/dataconnect`
 {"metadata":{"emulator":{"name":"dataconnect"},"message":"E0107 13:23:00.346505   26712 watch.go:40] Failed to load config from \"/home/admin1/projects/test/mamoney/dataconnect\": could not find dataconnect.yaml in `/home/admin1/projects/test/mamoney/dataconnect`\n"}}
[debug] [2026-01-07T06:23:10.346Z] E0107 13:23:10.346496   26712 watch.go:40] Failed to load config from "/home/admin1/projects/test/mamoney/dataconnect": could not find dataconnect.yaml in `/home/admin1/projects/test/mamoney/dataconnect`
 {"metadata":{"emulator":{"name":"dataconnect"},"message":"E0107 13:23:10.346496   26712 watch.go:40] Failed to load config from \"/home/admin1/projects/test/mamoney/dataconnect\": could not find dataconnect.yaml in `/home/admin1/projects/test/mamoney/dataconnect`\n"}}
[debug] [2026-01-07T06:23:20.339Z] E0107 13:23:20.339323   26712 watch.go:116] watchAllDir unable to walk dir `/home/admin1/projects/test/mamoney/dataconnect`: lstat /home/admin1/projects/test/mamoney/dataconnect: no such file or directory
E0107 13:23:20.339395   26712 watch.go:40] Failed to load config from "/home/admin1/projects/test/mamoney/dataconnect": could not find dataconnect.yaml in `/home/admin1/projects/test/mamoney/dataconnect`
 {"metadata":{"emulator":{"name":"dataconnect"},"message":"E0107 13:23:20.339323   26712 watch.go:116] watchAllDir unable to walk dir `/home/admin1/projects/test/mamoney/dataconnect`: lstat /home/admin1/projects/test/mamoney/dataconnect: no such file or directory\nE0107 13:23:20.339395   26712 watch.go:40] Failed to load config from \"/home/admin1/projects/test/mamoney/dataconnect\": could not find dataconnect.yaml in `/home/admin1/projects/test/mamoney/dataconnect`\n"}}
[debug] [2026-01-07T06:23:30.344Z] E0107 13:23:30.344019   26712 watch.go:40] Failed to load config from "/home/admin1/projects/test/mamoney/dataconnect": could not find dataconnect.yaml in `/home/admin1/projects/test/mamoney/dataconnect`
 {"metadata":{"emulator":{"name":"dataconnect"},"message":"E0107 13:23:30.344019   26712 watch.go:40] Failed to load config from \"/home/admin1/projects/test/mamoney/dataconnect\": could not find dataconnect.yaml in `/home/admin1/projects/test/mamoney/dataconnect`\n"}}
[debug] [2026-01-07T06:23:40.343Z] E0107 13:23:40.343315   26712 watch.go:40] Failed to load config from "/home/admin1/projects/test/mamoney/dataconnect": could not find dataconnect.yaml in `/home/admin1/projects/test/mamoney/dataconnect`
 {"metadata":{"emulator":{"name":"dataconnect"},"message":"E0107 13:23:40.343315   26712 watch.go:40] Failed to load config from \"/home/admin1/projects/test/mamoney/dataconnect\": could not find dataconnect.yaml in `/home/admin1/projects/test/mamoney/dataconnect`\n"}}
[debug] [2026-01-07T06:23:50.335Z] E0107 13:23:50.334734   26712 watch.go:40] Failed to load config from "/home/admin1/projects/test/mamoney/dataconnect": could not find dataconnect.yaml in `/home/admin1/projects/test/mamoney/dataconnect`
 {"metadata":{"emulator":{"name":"dataconnect"},"message":"E0107 13:23:50.334734   26712 watch.go:40] Failed to load config from \"/home/admin1/projects/test/mamoney/dataconnect\": could not find dataconnect.yaml in `/home/admin1/projects/test/mamoney/dataconnect`\n"}}
[debug] [2026-01-07T06:24:00.339Z] E0107 13:24:00.339056   26712 watch.go:40] Failed to load config from "/home/admin1/projects/test/mamoney/dataconnect": could not find dataconnect.yaml in `/home/admin1/projects/test/mamoney/dataconnect`
 {"metadata":{"emulator":{"name":"dataconnect"},"message":"E0107 13:24:00.339056   26712 watch.go:40] Failed to load config from \"/home/admin1/projects/test/mamoney/dataconnect\": could not find dataconnect.yaml in `/home/admin1/projects/test/mamoney/dataconnect`\n"}}
[debug] [2026-01-07T06:24:10.339Z] E0107 13:24:10.339319   26712 watch.go:40] Failed to load config from "/home/admin1/projects/test/mamoney/dataconnect": could not find dataconnect.yaml in `/home/admin1/projects/test/mamoney/dataconnect`
 {"metadata":{"emulator":{"name":"dataconnect"},"message":"E0107 13:24:10.339319   26712 watch.go:40] Failed to load config from \"/home/admin1/projects/test/mamoney/dataconnect\": could not find dataconnect.yaml in `/home/admin1/projects/test/mamoney/dataconnect`\n"}}
[debug] [2026-01-07T06:24:20.330Z] E0107 13:24:20.329695   26712 watch.go:116] watchAllDir unable to walk dir `/home/admin1/projects/test/mamoney/dataconnect`: lstat /home/admin1/projects/test/mamoney/dataconnect: no such file or directory
E0107 13:24:20.329864   26712 watch.go:40] Failed to load config from "/home/admin1/projects/test/mamoney/dataconnect": could not find dataconnect.yaml in `/home/admin1/projects/test/mamoney/dataconnect`
 {"metadata":{"emulator":{"name":"dataconnect"},"message":"E0107 13:24:20.329695   26712 watch.go:116] watchAllDir unable to walk dir `/home/admin1/projects/test/mamoney/dataconnect`: lstat /home/admin1/projects/test/mamoney/dataconnect: no such file or directory\nE0107 13:24:20.329864   26712 watch.go:40] Failed to load config from \"/home/admin1/projects/test/mamoney/dataconnect\": could not find dataconnect.yaml in `/home/admin1/projects/test/mamoney/dataconnect`\n"}}
[debug] [2026-01-07T06:24:30.327Z] E0107 13:24:30.326814   26712 watch.go:40] Failed to load config from "/home/admin1/projects/test/mamoney/dataconnect": could not find dataconnect.yaml in `/home/admin1/projects/test/mamoney/dataconnect`
 {"metadata":{"emulator":{"name":"dataconnect"},"message":"E0107 13:24:30.326814   26712 watch.go:40] Failed to load config from \"/home/admin1/projects/test/mamoney/dataconnect\": could not find dataconnect.yaml in `/home/admin1/projects/test/mamoney/dataconnect`\n"}}
[debug] [2026-01-07T06:24:40.326Z] E0107 13:24:40.326460   26712 watch.go:40] Failed to load config from "/home/admin1/projects/test/mamoney/dataconnect": could not find dataconnect.yaml in `/home/admin1/projects/test/mamoney/dataconnect`
 {"metadata":{"emulator":{"name":"dataconnect"},"message":"E0107 13:24:40.326460   26712 watch.go:40] Failed to load config from \"/home/admin1/projects/test/mamoney/dataconnect\": could not find dataconnect.yaml in `/home/admin1/projects/test/mamoney/dataconnect`\n"}}
[debug] [2026-01-07T06:24:50.326Z] E0107 13:24:50.326727   26712 watch.go:40] Failed to load config from "/home/admin1/projects/test/mamoney/dataconnect": could not find dataconnect.yaml in `/home/admin1/projects/test/mamoney/dataconnect`
 {"metadata":{"emulator":{"name":"dataconnect"},"message":"E0107 13:24:50.326727   26712 watch.go:40] Failed to load config from \"/home/admin1/projects/test/mamoney/dataconnect\": could not find dataconnect.yaml in `/home/admin1/projects/test/mamoney/dataconnect`\n"}}
[debug] [2026-01-07T06:25:00.322Z] E0107 13:25:00.321838   26712 watch.go:40] Failed to load config from "/home/admin1/projects/test/mamoney/dataconnect": could not find dataconnect.yaml in `/home/admin1/projects/test/mamoney/dataconnect`
 {"metadata":{"emulator":{"name":"dataconnect"},"message":"E0107 13:25:00.321838   26712 watch.go:40] Failed to load config from \"/home/admin1/projects/test/mamoney/dataconnect\": could not find dataconnect.yaml in `/home/admin1/projects/test/mamoney/dataconnect`\n"}}
[debug] [2026-01-07T06:25:10.326Z] E0107 13:25:10.325725   26712 watch.go:40] Failed to load config from "/home/admin1/projects/test/mamoney/dataconnect": could not find dataconnect.yaml in `/home/admin1/projects/test/mamoney/dataconnect`
 {"metadata":{"emulator":{"name":"dataconnect"},"message":"E0107 13:25:10.325725   26712 watch.go:40] Failed to load config from \"/home/admin1/projects/test/mamoney/dataconnect\": could not find dataconnect.yaml in `/home/admin1/projects/test/mamoney/dataconnect`\n"}}
[debug] [2026-01-07T06:25:20.322Z] E0107 13:25:20.322129   26712 watch.go:116] watchAllDir unable to walk dir `/home/admin1/projects/test/mamoney/dataconnect`: lstat /home/admin1/projects/test/mamoney/dataconnect: no such file or directory
E0107 13:25:20.322257   26712 watch.go:40] Failed to load config from "/home/admin1/projects/test/mamoney/dataconnect": could not find dataconnect.yaml in `/home/admin1/projects/test/mamoney/dataconnect`
 {"metadata":{"emulator":{"name":"dataconnect"},"message":"E0107 13:25:20.322129   26712 watch.go:116] watchAllDir unable to walk dir `/home/admin1/projects/test/mamoney/dataconnect`: lstat /home/admin1/projects/test/mamoney/dataconnect: no such file or directory\nE0107 13:25:20.322257   26712 watch.go:40] Failed to load config from \"/home/admin1/projects/test/mamoney/dataconnect\": could not find dataconnect.yaml in `/home/admin1/projects/test/mamoney/dataconnect`\n"}}
[debug] [2026-01-07T06:25:30.324Z] E0107 13:25:30.324669   26712 watch.go:40] Failed to load config from "/home/admin1/projects/test/mamoney/dataconnect": could not find dataconnect.yaml in `/home/admin1/projects/test/mamoney/dataconnect`
 {"metadata":{"emulator":{"name":"dataconnect"},"message":"E0107 13:25:30.324669   26712 watch.go:40] Failed to load config from \"/home/admin1/projects/test/mamoney/dataconnect\": could not find dataconnect.yaml in `/home/admin1/projects/test/mamoney/dataconnect`\n"}}
[debug] [2026-01-07T06:26:50.409Z] [Firebase Plugin] Activating Firebase extension.
[info] [Firebase Plugin] Checked firebase-tools, is up to date!
[debug] [2026-01-07T06:26:58.664Z] [Firebase Plugin] requireAuthWrapper
[debug] [2026-01-07T06:26:58.666Z] > command requires scopes: ["email","openid","https://www.googleapis.com/auth/cloudplatformprojects.readonly","https://www.googleapis.com/auth/firebase","https://www.googleapis.com/auth/cloud-platform"]
[debug] [2026-01-07T06:26:58.717Z] [Firebase Plugin] VSCode notification server listening on port 40001
[error] [Firebase Plugin] requireAuth error: Could not load the default credentials. Browse to https://cloud.google.com/docs/authentication/getting-started for more information.
[debug] [2026-01-07T06:27:00.263Z] Object "" in "firebase.json" has unknown property: {"additionalProperty":"flutter"}
[info] [Firebase Plugin] Starting Data Connect toolkit (version 3.0.0) on port 50001
[debug] [2026-01-07T06:27:00.507Z] 'fdc build' failed with error: Unable to build your Data Connect schema and connectors (exit code 1): E0107 13:27:00.498419    3748 cmd.go:43] Error loading data connect config: could not find dataconnect.yaml in `/home/admin1/projects/test/mamoney/dataconnect`
 {"metadata":{"emulator":{"name":"dataconnect"},"message":"'fdc build' failed with error: Unable to build your Data Connect schema and connectors (exit code 1): E0107 13:27:00.498419    3748 cmd.go:43] Error loading data connect config: could not find dataconnect.yaml in `/home/admin1/projects/test/mamoney/dataconnect`\n"}}
[debug] [2026-01-07T06:27:00.510Z] Ignoring unsupported arg: auto_download {"metadata":{"emulator":{"name":"dataconnect"},"message":"Ignoring unsupported arg: auto_download"}}
[debug] [2026-01-07T06:27:00.511Z] Ignoring unsupported arg: port {"metadata":{"emulator":{"name":"dataconnect"},"message":"Ignoring unsupported arg: port"}}
[debug] [2026-01-07T06:27:00.511Z] Starting Data Connect Emulator with command {"binary":"/home/admin1/.cache/firebase/emulators/dataconnect-emulator-3.0.0","args":["--logtostderr","-v=2","dev","--listen=localhost:50001","--config_dir=/home/admin1/projects/test/mamoney/dataconnect","--enable_output_schema_extensions=true","--enable_output_generated_sdk=true"],"optionalArgs":["listen","config_dir","enable_output_schema_extensions","enable_output_generated_sdk"],"joinArgs":true,"shell":false,"port":9399} {"metadata":{"emulator":{"name":"dataconnect"},"message":"Starting Data Connect Emulator with command {\"binary\":\"/home/admin1/.cache/firebase/emulators/dataconnect-emulator-3.0.0\",\"args\":[\"--logtostderr\",\"-v=2\",\"dev\",\"--listen=localhost:50001\",\"--config_dir=/home/admin1/projects/test/mamoney/dataconnect\",\"--enable_output_schema_extensions=true\",\"--enable_output_generated_sdk=true\"],\"optionalArgs\":[\"listen\",\"config_dir\",\"enable_output_schema_extensions\",\"enable_output_generated_sdk\"],\"joinArgs\":true,\"shell\":false,\"port\":9399}"}}
[info] i  dataconnect: Data Connect Emulator logging to dataconnect-debug.log {"metadata":{"emulator":{"name":"dataconnect"},"message":"Data Connect Emulator logging to dataconnect-debug.log"}}
[debug] [2026-01-07T06:27:00.782Z] E0107 13:27:00.592118    3755 dev.go:83] Failed to load initial config from "/home/admin1/projects/test/mamoney/dataconnect": could not find dataconnect.yaml in `/home/admin1/projects/test/mamoney/dataconnect`
E0107 13:27:00.597639    3755 watch.go:116] watchAllDir unable to walk dir `/home/admin1/projects/test/mamoney/dataconnect`: lstat /home/admin1/projects/test/mamoney/dataconnect: no such file or directory
I0107 13:27:00.614812    3755 dev.go:104] Listening on address (HTTP + gRPC): 127.0.0.1:50001
 {"metadata":{"emulator":{"name":"dataconnect"},"message":"E0107 13:27:00.592118    3755 dev.go:83] Failed to load initial config from \"/home/admin1/projects/test/mamoney/dataconnect\": could not find dataconnect.yaml in `/home/admin1/projects/test/mamoney/dataconnect`\nE0107 13:27:00.597639    3755 watch.go:116] watchAllDir unable to walk dir `/home/admin1/projects/test/mamoney/dataconnect`: lstat /home/admin1/projects/test/mamoney/dataconnect: no such file or directory\nI0107 13:27:00.614812    3755 dev.go:104] Listening on address (HTTP + gRPC): 127.0.0.1:50001\n"}}
[error] [Firebase Plugin] error:  {}
[debug] [2026-01-07T06:27:10.607Z] E0107 13:27:10.606446    3755 watch.go:40] Failed to load config from "/home/admin1/projects/test/mamoney/dataconnect": could not find dataconnect.yaml in `/home/admin1/projects/test/mamoney/dataconnect`
 {"metadata":{"emulator":{"name":"dataconnect"},"message":"E0107 13:27:10.606446    3755 watch.go:40] Failed to load config from \"/home/admin1/projects/test/mamoney/dataconnect\": could not find dataconnect.yaml in `/home/admin1/projects/test/mamoney/dataconnect`\n"}}
[debug] [2026-01-07T06:27:20.602Z] E0107 13:27:20.602397    3755 watch.go:40] Failed to load config from "/home/admin1/projects/test/mamoney/dataconnect": could not find dataconnect.yaml in `/home/admin1/projects/test/mamoney/dataconnect`
 {"metadata":{"emulator":{"name":"dataconnect"},"message":"E0107 13:27:20.602397    3755 watch.go:40] Failed to load config from \"/home/admin1/projects/test/mamoney/dataconnect\": could not find dataconnect.yaml in `/home/admin1/projects/test/mamoney/dataconnect`\n"}}
[debug] [2026-01-07T06:27:30.599Z] E0107 13:27:30.598903    3755 watch.go:40] Failed to load config from "/home/admin1/projects/test/mamoney/dataconnect": could not find dataconnect.yaml in `/home/admin1/projects/test/mamoney/dataconnect`
 {"metadata":{"emulator":{"name":"dataconnect"},"message":"E0107 13:27:30.598903    3755 watch.go:40] Failed to load config from \"/home/admin1/projects/test/mamoney/dataconnect\": could not find dataconnect.yaml in `/home/admin1/projects/test/mamoney/dataconnect`\n"}}
[debug] [2026-01-07T06:27:40.598Z] E0107 13:27:40.598060    3755 watch.go:40] Failed to load config from "/home/admin1/projects/test/mamoney/dataconnect": could not find dataconnect.yaml in `/home/admin1/projects/test/mamoney/dataconnect`
 {"metadata":{"emulator":{"name":"dataconnect"},"message":"E0107 13:27:40.598060    3755 watch.go:40] Failed to load config from \"/home/admin1/projects/test/mamoney/dataconnect\": could not find dataconnect.yaml in `/home/admin1/projects/test/mamoney/dataconnect`\n"}}
[debug] [2026-01-07T06:27:50.601Z] E0107 13:27:50.601407    3755 watch.go:40] Failed to load config from "/home/admin1/projects/test/mamoney/dataconnect": could not find dataconnect.yaml in `/home/admin1/projects/test/mamoney/dataconnect`
 {"metadata":{"emulator":{"name":"dataconnect"},"message":"E0107 13:27:50.601407    3755 watch.go:40] Failed to load config from \"/home/admin1/projects/test/mamoney/dataconnect\": could not find dataconnect.yaml in `/home/admin1/projects/test/mamoney/dataconnect`\n"}}
[debug] [2026-01-07T06:28:00.599Z] E0107 13:28:00.598775    3755 watch.go:116] watchAllDir unable to walk dir `/home/admin1/projects/test/mamoney/dataconnect`: lstat /home/admin1/projects/test/mamoney/dataconnect: no such file or directory
 {"metadata":{"emulator":{"name":"dataconnect"},"message":"E0107 13:28:00.598775    3755 watch.go:116] watchAllDir unable to walk dir `/home/admin1/projects/test/mamoney/dataconnect`: lstat /home/admin1/projects/test/mamoney/dataconnect: no such file or directory\n"}}
[debug] [2026-01-07T06:28:00.600Z] E0107 13:28:00.598916    3755 watch.go:40] Failed to load config from "/home/admin1/projects/test/mamoney/dataconnect": could not find dataconnect.yaml in `/home/admin1/projects/test/mamoney/dataconnect`
 {"metadata":{"emulator":{"name":"dataconnect"},"message":"E0107 13:28:00.598916    3755 watch.go:40] Failed to load config from \"/home/admin1/projects/test/mamoney/dataconnect\": could not find dataconnect.yaml in `/home/admin1/projects/test/mamoney/dataconnect`\n"}}
[debug] [2026-01-07T06:28:10.598Z] E0107 13:28:10.598148    3755 watch.go:40] Failed to load config from "/home/admin1/projects/test/mamoney/dataconnect": could not find dataconnect.yaml in `/home/admin1/projects/test/mamoney/dataconnect`
 {"metadata":{"emulator":{"name":"dataconnect"},"message":"E0107 13:28:10.598148    3755 watch.go:40] Failed to load config from \"/home/admin1/projects/test/mamoney/dataconnect\": could not find dataconnect.yaml in `/home/admin1/projects/test/mamoney/dataconnect`\n"}}
[debug] [2026-01-07T06:28:20.607Z] E0107 13:28:20.607244    3755 watch.go:40] Failed to load config from "/home/admin1/projects/test/mamoney/dataconnect": could not find dataconnect.yaml in `/home/admin1/projects/test/mamoney/dataconnect`
 {"metadata":{"emulator":{"name":"dataconnect"},"message":"E0107 13:28:20.607244    3755 watch.go:40] Failed to load config from \"/home/admin1/projects/test/mamoney/dataconnect\": could not find dataconnect.yaml in `/home/admin1/projects/test/mamoney/dataconnect`\n"}}
[debug] [2026-01-07T06:28:30.599Z] E0107 13:28:30.598720    3755 watch.go:40] Failed to load config from "/home/admin1/projects/test/mamoney/dataconnect": could not find dataconnect.yaml in `/home/admin1/projects/test/mamoney/dataconnect`
 {"metadata":{"emulator":{"name":"dataconnect"},"message":"E0107 13:28:30.598720    3755 watch.go:40] Failed to load config from \"/home/admin1/projects/test/mamoney/dataconnect\": could not find dataconnect.yaml in `/home/admin1/projects/test/mamoney/dataconnect`\n"}}
[debug] [2026-01-07T06:28:40.608Z] E0107 13:28:40.607967    3755 watch.go:40] Failed to load config from "/home/admin1/projects/test/mamoney/dataconnect": could not find dataconnect.yaml in `/home/admin1/projects/test/mamoney/dataconnect`
 {"metadata":{"emulator":{"name":"dataconnect"},"message":"E0107 13:28:40.607967    3755 watch.go:40] Failed to load config from \"/home/admin1/projects/test/mamoney/dataconnect\": could not find dataconnect.yaml in `/home/admin1/projects/test/mamoney/dataconnect`\n"}}
[debug] [2026-01-07T06:33:27.543Z] [Firebase Plugin] Activating Firebase extension.
[debug] [2026-01-07T06:33:50.656Z] [Firebase Plugin] requireAuthWrapper
[debug] [2026-01-07T06:33:50.673Z] > command requires scopes: ["email","openid","https://www.googleapis.com/auth/cloudplatformprojects.readonly","https://www.googleapis.com/auth/firebase","https://www.googleapis.com/auth/cloud-platform"]
[debug] [2026-01-07T06:33:50.722Z] [Firebase Plugin] VSCode notification server listening on port 40001
[error] [Firebase Plugin] requireAuth error: Could not load the default credentials. Browse to https://cloud.google.com/docs/authentication/getting-started for more information.
[debug] [2026-01-07T06:33:53.294Z] Object "" in "firebase.json" has unknown property: {"additionalProperty":"flutter"}
[info] [Firebase Plugin] Starting Data Connect toolkit (version 3.0.0) on port 50001
[debug] [2026-01-07T06:33:54.077Z] 'fdc build' failed with error: Unable to build your Data Connect schema and connectors (exit code 1): E0107 13:33:54.057162    3581 cmd.go:43] Error loading data connect config: could not find dataconnect.yaml in `/home/admin1/projects/test/mamoney/dataconnect`
 {"metadata":{"emulator":{"name":"dataconnect"},"message":"'fdc build' failed with error: Unable to build your Data Connect schema and connectors (exit code 1): E0107 13:33:54.057162    3581 cmd.go:43] Error loading data connect config: could not find dataconnect.yaml in `/home/admin1/projects/test/mamoney/dataconnect`\n"}}
[debug] [2026-01-07T06:33:54.092Z] Ignoring unsupported arg: auto_download {"metadata":{"emulator":{"name":"dataconnect"},"message":"Ignoring unsupported arg: auto_download"}}
[debug] [2026-01-07T06:33:54.134Z] Ignoring unsupported arg: port {"metadata":{"emulator":{"name":"dataconnect"},"message":"Ignoring unsupported arg: port"}}
[debug] [2026-01-07T06:33:54.135Z] Starting Data Connect Emulator with command {"binary":"/home/admin1/.cache/firebase/emulators/dataconnect-emulator-3.0.0","args":["--logtostderr","-v=2","dev","--listen=localhost:50001","--config_dir=/home/admin1/projects/test/mamoney/dataconnect","--enable_output_schema_extensions=true","--enable_output_generated_sdk=true"],"optionalArgs":["listen","config_dir","enable_output_schema_extensions","enable_output_generated_sdk"],"joinArgs":true,"shell":false,"port":9399} {"metadata":{"emulator":{"name":"dataconnect"},"message":"Starting Data Connect Emulator with command {\"binary\":\"/home/admin1/.cache/firebase/emulators/dataconnect-emulator-3.0.0\",\"args\":[\"--logtostderr\",\"-v=2\",\"dev\",\"--listen=localhost:50001\",\"--config_dir=/home/admin1/projects/test/mamoney/dataconnect\",\"--enable_output_schema_extensions=true\",\"--enable_output_generated_sdk=true\"],\"optionalArgs\":[\"listen\",\"config_dir\",\"enable_output_schema_extensions\",\"enable_output_generated_sdk\"],\"joinArgs\":true,\"shell\":false,\"port\":9399}"}}
[info] i  dataconnect: Data Connect Emulator logging to dataconnect-debug.log {"metadata":{"emulator":{"name":"dataconnect"},"message":"Data Connect Emulator logging to dataconnect-debug.log"}}
[debug] [2026-01-07T06:33:54.850Z] E0107 13:33:54.613379    3591 dev.go:83] Failed to load initial config from "/home/admin1/projects/test/mamoney/dataconnect": could not find dataconnect.yaml in `/home/admin1/projects/test/mamoney/dataconnect`
E0107 13:33:54.624005    3591 watch.go:116] watchAllDir unable to walk dir `/home/admin1/projects/test/mamoney/dataconnect`: lstat /home/admin1/projects/test/mamoney/dataconnect: no such file or directory
 {"metadata":{"emulator":{"name":"dataconnect"},"message":"E0107 13:33:54.613379    3591 dev.go:83] Failed to load initial config from \"/home/admin1/projects/test/mamoney/dataconnect\": could not find dataconnect.yaml in `/home/admin1/projects/test/mamoney/dataconnect`\nE0107 13:33:54.624005    3591 watch.go:116] watchAllDir unable to walk dir `/home/admin1/projects/test/mamoney/dataconnect`: lstat /home/admin1/projects/test/mamoney/dataconnect: no such file or directory\n"}}
[debug] [2026-01-07T06:33:55.586Z] I0107 13:33:55.119671    3591 dev.go:104] Listening on address (HTTP + gRPC): 127.0.0.1:50001
 {"metadata":{"emulator":{"name":"dataconnect"},"message":"I0107 13:33:55.119671    3591 dev.go:104] Listening on address (HTTP + gRPC): 127.0.0.1:50001\n"}}
[error] [Firebase Plugin] error:  {}
[debug] [2026-01-07T06:34:04.629Z] E0107 13:34:04.629443    3591 watch.go:40] Failed to load config from "/home/admin1/projects/test/mamoney/dataconnect": could not find dataconnect.yaml in `/home/admin1/projects/test/mamoney/dataconnect`
 {"metadata":{"emulator":{"name":"dataconnect"},"message":"E0107 13:34:04.629443    3591 watch.go:40] Failed to load config from \"/home/admin1/projects/test/mamoney/dataconnect\": could not find dataconnect.yaml in `/home/admin1/projects/test/mamoney/dataconnect`\n"}}
[info] [Firebase Plugin] Stopping Data Connect toolkit
[warn] ⚠  Data Connect Emulator has exited upon receiving signal: SIGINT 
